<?xml version="1.0" encoding="UTF-8"?>
<!-- Generated by org.testng.reporters.JUnitReportReporter -->
<testsuite hostname="LAPTOP-HPGRN3FM" name="com.ATMbanking.testcases.TC_login1_001" tests="1" failures="0" timestamp="28 May 2019 07:25:32 GMT" time="2.352" errors="0">
  <testcase name="logintest" time="2.352" classname="com.ATMbanking.testcases.TC_login1_001"/>
</testsuite> <!-- com.ATMbanking.testcases.TC_login1_001 -->
