<?xml version="1.0" encoding="UTF-8"?>
<!-- Generated by org.testng.reporters.JUnitReportReporter -->
<testsuite skipped="0" hostname="LAPTOP-HPGRN3FM" name="Marvenproject.MFirstClass.Custreg01" tests="1" failures="0" timestamp="04 Dec 2018 20:25:46 GMT" time="26.219" errors="0">
  <testcase name="costmerRegistration" time="26.219" classname="Marvenproject.MFirstClass.Custreg01"/>
</testsuite> <!-- Marvenproject.MFirstClass.Custreg01 -->
