<?xml version="1.0" encoding="UTF-8"?>
<!-- Generated by org.testng.reporters.JUnitReportReporter -->
<testsuite skipped="0" hostname="LAPTOP-HPGRN3FM" name="Marvenproject.MFirstClass.TC002_Customer_Regisration" tests="1" failures="0" timestamp="03 Dec 2018 08:01:49 GMT" time="26.916" errors="0">
  <testcase name="custmerregistration" time="26.916" classname="Marvenproject.MFirstClass.TC002_Customer_Regisration"/>
</testsuite> <!-- Marvenproject.MFirstClass.TC002_Customer_Regisration -->
