<?xml version="1.0" encoding="UTF-8"?>
<!-- Generated by org.testng.reporters.JUnitReportReporter -->
<testsuite skipped="0" hostname="LAPTOP-HPGRN3FM" name="browsing.FistTestNG" tests="3" failures="0" timestamp="15 Jan 2019 07:17:27 GMT" time="0.006" errors="0">
  <testcase name="z" time="0.000" classname="browsing.FistTestNG"/>
  <testcase name="f" time="0.003" classname="browsing.FistTestNG"/>
  <testcase name="a" time="0.003" classname="browsing.FistTestNG"/>
</testsuite> <!-- browsing.FistTestNG -->
