<?xml version="1.0" encoding="UTF-8"?>
<!-- Generated by org.testng.reporters.JUnitReportReporter -->
<testsuite skipped="0" hostname="LAPTOP-HPGRN3FM" name="MarvenGroup.MarvenArtifact.BrowserLaunch" tests="1" failures="0" timestamp="12 Oct 2018 09:35:22 GMT" time="195.608" errors="0">
  <testcase name="f" time="195.608" classname="MarvenGroup.MarvenArtifact.BrowserLaunch"/>
</testsuite> <!-- MarvenGroup.MarvenArtifact.BrowserLaunch -->
