<?xml version="1.0" encoding="UTF-8"?>
<!-- Generated by org.testng.reporters.JUnitReportReporter -->
<testsuite hostname="LAPTOP-HPGRN3FM" name="com.Netbanking.pageobject.Testng001" tests="1" failures="0" timestamp="31 May 2019 15:09:22 GMT" time="24.981" errors="0">
  <testcase name="test" time="24.981" classname="com.Netbanking.pageobject.Testng001"/>
</testsuite> <!-- com.Netbanking.pageobject.Testng001 -->
