<?xml version="1.0" encoding="UTF-8"?>
<!-- Generated by org.testng.reporters.JUnitReportReporter -->
<testsuite skipped="1" hostname="LAPTOP-HPGRN3FM" name="com.com.firstselenium.Testngtestfirst" tests="3" failures="0" timestamp="25 Apr 2019 14:22:48 GMT" time="0.011" errors="0">
  <testcase name="x" time="0.008" classname="com.com.firstselenium.Testngtestfirst"/>
  <testcase name="z" time="0.003" classname="com.com.firstselenium.Testngtestfirst"/>
  <testcase name="f" classname="com.com.firstselenium.Testngtestfirst">
    <skipped/>
  </testcase> <!-- f -->
</testsuite> <!-- com.com.firstselenium.Testngtestfirst -->
