<?xml version="1.0" encoding="UTF-8"?>
<!-- Generated by org.testng.reporters.JUnitReportReporter -->
<testsuite skipped="1" hostname="LAPTOP-HPGRN3FM" name="com.com.firstselenium.secondTestngtest" tests="2" failures="0" timestamp="25 Apr 2019 14:27:31 GMT" time="0.021" errors="0">
  <testcase name="z" time="0.021" classname="com.com.firstselenium.secondTestngtest"/>
  <testcase name="f" classname="com.com.firstselenium.secondTestngtest">
    <skipped/>
  </testcase> <!-- f -->
</testsuite> <!-- com.com.firstselenium.secondTestngtest -->
