<?xml version="1.0" encoding="UTF-8"?>
<!-- Generated by org.testng.reporters.JUnitReportReporter -->
<testsuite skipped="0" hostname="LAPTOP-HPGRN3FM" name="com.com.firstselenium.Allannotationsworks" tests="1" failures="0" timestamp="25 Apr 2019 14:22:48 GMT" time="0.001" errors="0">
  <testcase name="f" time="0.001" classname="com.com.firstselenium.Allannotationsworks"/>
</testsuite> <!-- com.com.firstselenium.Allannotationsworks -->
