<?xml version="1.0" encoding="UTF-8"?>
<!-- Generated by org.testng.reporters.JUnitReportReporter -->
<testsuite hostname="LAPTOP-HPGRN3FM" name="com.com.session.HandlingWindows" tests="1" failures="0" timestamp="29 May 2019 09:59:21 GMT" time="17.762" errors="0">
  <testcase name="f" time="17.762" classname="com.com.session.HandlingWindows"/>
</testsuite> <!-- com.com.session.HandlingWindows -->
